Flat profile:

Each sample counts as 0.01 seconds.
  %   cumulative   self              self     total           
 time   seconds   seconds    calls  ms/call  ms/call  name    
 21.09      1.10     1.10                             main
 11.31      1.69     0.59 200000031     0.00     0.00  std::vector<int, std::allocator<int> >::end()
 11.31      2.28     0.59 200000002     0.00     0.00  bool __gnu_cxx::operator!=<int*, std::vector<int, std::allocator<int> > >(__gnu_cxx::__normal_iterator<int*, std::vector<int, std::allocator<int> > > const&, __gnu_cxx::__normal_iterator<int*, std::vector<int, std::allocator<int> > > const&)
 11.12      2.86     0.58 400000062     0.00     0.00  __gnu_cxx::__normal_iterator<int*, std::vector<int, std::allocator<int> > >::__normal_iterator(int* const&)
  8.63      3.31     0.45 200000000     0.00     0.00  __gnu_cxx::__normal_iterator<int*, std::vector<int, std::allocator<int> > >::operator++(int)
  6.71      3.66     0.35 400000118     0.00     0.00  __gnu_cxx::__normal_iterator<int*, std::vector<int, std::allocator<int> > >::base() const
  6.52      4.00     0.34 100000000     0.00     0.00  void __gnu_cxx::new_allocator<int>::construct<int, int const&>(int*, int const&)
  4.98      4.26     0.26        1   260.21   260.21  __gnu_cxx::__enable_if<std::__is_scalar<int>::__value, void>::__type std::__fill_a<int*, int>(int*, int*, int const&)
  4.41      4.49     0.23       28     8.22    13.59  void std::vector<int, std::allocator<int> >::_M_realloc_insert<int const&>(__gnu_cxx::__normal_iterator<int*, std::vector<int, std::allocator<int> > >, int const&)
  2.49      4.62     0.13 100000000     0.00     0.00  std::vector<int, std::allocator<int> >::push_back(int const&)
  2.30      4.74     0.12 200000028     0.00     0.00  int const& std::forward<int const&>(std::remove_reference<int const&>::type&)
  1.92      4.84     0.10       31     3.23     3.23  std::vector<int, std::allocator<int> >::begin()
  1.92      4.94     0.10 100000000     0.00     0.00  operator new(unsigned long, void*)
  1.73      5.03     0.09 100000000     0.00     0.00  void std::allocator_traits<std::allocator<int> >::construct<int, int const&>(std::allocator<int>&, int*, int const&)
  1.34      5.10     0.07 200000000     0.00     0.00  __gnu_cxx::__normal_iterator<int*, std::vector<int, std::allocator<int> > >::operator*() const
  0.96      5.15     0.05       28     1.79     2.14  void std::_Destroy<int*, int>(int*, int*, std::allocator<int>&)
  0.58      5.18     0.03        1    30.02   290.23  void std::fill<__gnu_cxx::__normal_iterator<int*, std::vector<int, std::allocator<int> > >, int>(__gnu_cxx::__normal_iterator<int*, std::vector<int, std::allocator<int> > >, __gnu_cxx::__normal_iterator<int*, std::vector<int, std::allocator<int> > >, int const&)
  0.38      5.20     0.02        1    20.02    20.02  _GLOBAL__sub_I_main
  0.19      5.21     0.01       28     0.36     0.36  void std::_Destroy<int*>(int*, int*)
  0.19      5.22     0.01                             std::vector<int, std::allocator<int> >::~vector()
  0.00      5.22     0.00      168     0.00     0.00  int* std::__niter_base<int*>(int*)
  0.00      5.22     0.00      112     0.00     0.00  std::move_iterator<int*>::base() const
  0.00      5.22     0.00      112     0.00     0.00  std::vector<int, std::allocator<int> >::size() const
  0.00      5.22     0.00      112     0.00     0.00  std::move_iterator<int*>::move_iterator(int*)
  0.00      5.22     0.00      112     0.00     0.00  decltype (__miter_base(({parm#1}.base)())) std::__miter_base<int*>(std::move_iterator<int*>)
  0.00      5.22     0.00      112     0.00     0.00  int* std::__miter_base<int*>(int*)
  0.00      5.22     0.00      112     0.00     0.00  std::move_iterator<int*> std::__make_move_if_noexcept_iterator<int, std::move_iterator<int*> >(int*)
  0.00      5.22     0.00       84     0.00     0.00  __gnu_cxx::new_allocator<int>::max_size() const
  0.00      5.22     0.00       84     0.00     0.00  std::_Vector_base<int, std::allocator<int> >::_M_get_Tp_allocator()
  0.00      5.22     0.00       56     0.00     0.00  std::_Vector_base<int, std::allocator<int> >::_M_get_Tp_allocator() const
  0.00      5.22     0.00       56     0.00     0.00  std::vector<int, std::allocator<int> >::max_size() const
  0.00      5.22     0.00       56     0.00     0.00  int* std::__copy_move<true, true, std::random_access_iterator_tag>::__copy_m<int>(int const*, int const*, int*)
  0.00      5.22     0.00       56     0.00     0.00  std::allocator_traits<std::allocator<int> >::max_size(std::allocator<int> const&)
  0.00      5.22     0.00       56     0.00     0.00  int* std::__uninitialized_copy<true>::__uninit_copy<std::move_iterator<int*>, int*>(std::move_iterator<int*>, std::move_iterator<int*>, int*)
  0.00      5.22     0.00       56     0.00     0.00  int* std::__copy_move_a<true, int*, int*>(int*, int*, int*)
  0.00      5.22     0.00       56     0.00     0.00  int* std::__copy_move_a2<true, int*, int*>(int*, int*, int*)
  0.00      5.22     0.00       56     0.00     0.00  int* std::uninitialized_copy<std::move_iterator<int*>, int*>(std::move_iterator<int*>, std::move_iterator<int*>, int*)
  0.00      5.22     0.00       56     0.00     0.00  int* std::__uninitialized_copy_a<std::move_iterator<int*>, int*, int>(std::move_iterator<int*>, std::move_iterator<int*>, int*, std::allocator<int>&)
  0.00      5.22     0.00       56     0.00     0.00  int* std::__uninitialized_move_if_noexcept_a<int*, int*, std::allocator<int> >(int*, int*, int*, std::allocator<int>&)
  0.00      5.22     0.00       56     0.00     0.00  int* std::copy<std::move_iterator<int*>, int*>(std::move_iterator<int*>, std::move_iterator<int*>, int*)
  0.00      5.22     0.00       28     0.00     0.00  __gnu_cxx::new_allocator<int>::allocate(unsigned long, void const*)
  0.00      5.22     0.00       28     0.00     0.00  __gnu_cxx::__normal_iterator<int*, std::vector<int, std::allocator<int> > >::difference_type __gnu_cxx::operator-<int*, std::vector<int, std::allocator<int> > >(__gnu_cxx::__normal_iterator<int*, std::vector<int, std::allocator<int> > > const&, __gnu_cxx::__normal_iterator<int*, std::vector<int, std::allocator<int> > > const&)
  0.00      5.22     0.00       28     0.00     0.00  std::vector<int, std::allocator<int> >::_M_check_len(unsigned long, char const*) const
  0.00      5.22     0.00       28     0.00     0.00  void std::_Destroy_aux<true>::__destroy<int*>(int*, int*)
  0.00      5.22     0.00       28     0.00     0.00  std::_Vector_base<int, std::allocator<int> >::_M_allocate(unsigned long)
  0.00      5.22     0.00       28     0.00     0.00  std::_Vector_base<int, std::allocator<int> >::_M_deallocate(int*, unsigned long)
  0.00      5.22     0.00       28     0.00     0.00  std::allocator_traits<std::allocator<int> >::allocate(std::allocator<int>&, unsigned long)
  0.00      5.22     0.00       28     0.00     0.00  unsigned long const& std::max<unsigned long>(unsigned long const&, unsigned long const&)
  0.00      5.22     0.00       27     0.00     0.00  __gnu_cxx::new_allocator<int>::deallocate(int*, unsigned long)
  0.00      5.22     0.00       27     0.00     0.00  std::allocator_traits<std::allocator<int> >::deallocate(std::allocator<int>&, int*, unsigned long)
  0.00      5.22     0.00        2     0.00     0.00  int* std::__niter_base<int*, std::vector<int, std::allocator<int> > >(__gnu_cxx::__normal_iterator<int*, std::vector<int, std::allocator<int> > >)
  0.00      5.22     0.00        1     0.00     0.00  __static_initialization_and_destruction_0(int, int)
  0.00      5.22     0.00        1     0.00     0.00  __gnu_cxx::new_allocator<int>::new_allocator()
  0.00      5.22     0.00        1     0.00     0.00  std::allocator<int>::allocator()
  0.00      5.22     0.00        1     0.00     0.00  std::_Vector_base<int, std::allocator<int> >::_Vector_impl::_Vector_impl()
  0.00      5.22     0.00        1     0.00     0.00  std::_Vector_base<int, std::allocator<int> >::_Vector_base()
  0.00      5.22     0.00        1     0.00     0.00  std::vector<int, std::allocator<int> >::vector()

 %         the percentage of the total running time of the
time       program used by this function.

cumulative a running sum of the number of seconds accounted
 seconds   for by this function and those listed above it.

 self      the number of seconds accounted for by this
seconds    function alone.  This is the major sort for this
           listing.

calls      the number of times this function was invoked, if
           this function is profiled, else blank.

 self      the average number of milliseconds spent in this
ms/call    function per call, if this function is profiled,
	   else blank.

 total     the average number of milliseconds spent in this
ms/call    function and its descendents per call, if this
	   function is profiled, else blank.

name       the name of the function.  This is the minor sort
           for this listing. The index shows the location of
	   the function in the gprof listing. If the index is
	   in parenthesis it shows where it would appear in
	   the gprof listing if it were to be printed.

Copyright (C) 2012-2018 Free Software Foundation, Inc.

Copying and distribution of this file, with or without modification,
are permitted in any medium without royalty provided the copyright
notice and this notice are preserved.

		     Call graph (explanation follows)


granularity: each sample hit covers 2 byte(s) for 0.19% of 5.22 seconds

index % time    self  children    called     name
                                                 <spontaneous>
[1]     99.4    1.10    4.09                 main [1]
                0.13    1.03 100000000/100000000     std::vector<int, std::allocator<int> >::push_back(int const&) [2]
                0.59    0.35 200000002/200000002     bool __gnu_cxx::operator!=<int*, std::vector<int, std::allocator<int> > >(__gnu_cxx::__normal_iterator<int*, std::vector<int, std::allocator<int> > > const&, __gnu_cxx::__normal_iterator<int*, std::vector<int, std::allocator<int> > > const&) [3]
                0.59    0.29 200000003/200000031     std::vector<int, std::allocator<int> >::end() [4]
                0.45    0.29 200000000/200000000     __gnu_cxx::__normal_iterator<int*, std::vector<int, std::allocator<int> > >::operator++(int) [5]
                0.03    0.26       1/1           void std::fill<__gnu_cxx::__normal_iterator<int*, std::vector<int, std::allocator<int> > >, int>(__gnu_cxx::__normal_iterator<int*, std::vector<int, std::allocator<int> > >, __gnu_cxx::__normal_iterator<int*, std::vector<int, std::allocator<int> > >, int const&) [11]
                0.07    0.00 200000000/200000000     __gnu_cxx::__normal_iterator<int*, std::vector<int, std::allocator<int> > >::operator*() const [16]
                0.01    0.00       3/31          std::vector<int, std::allocator<int> >::begin() [14]
                0.00    0.00       1/1           std::vector<int, std::allocator<int> >::vector() [64]
-----------------------------------------------
                0.13    1.03 100000000/100000000     main [1]
[2]     22.2    0.13    1.03 100000000         std::vector<int, std::allocator<int> >::push_back(int const&) [2]
                0.09    0.56 99999972/100000000     void std::allocator_traits<std::allocator<int> >::construct<int, int const&>(std::allocator<int>&, int*, int const&) [6]
                0.23    0.15      28/28          void std::vector<int, std::allocator<int> >::_M_realloc_insert<int const&>(__gnu_cxx::__normal_iterator<int*, std::vector<int, std::allocator<int> > >, int const&) [9]
                0.00    0.00      28/200000031     std::vector<int, std::allocator<int> >::end() [4]
-----------------------------------------------
                0.59    0.35 200000002/200000002     main [1]
[3]     18.0    0.59    0.35 200000002         bool __gnu_cxx::operator!=<int*, std::vector<int, std::allocator<int> > >(__gnu_cxx::__normal_iterator<int*, std::vector<int, std::allocator<int> > > const&, __gnu_cxx::__normal_iterator<int*, std::vector<int, std::allocator<int> > > const&) [3]
                0.35    0.00 400000004/400000118     __gnu_cxx::__normal_iterator<int*, std::vector<int, std::allocator<int> > >::base() const [10]
-----------------------------------------------
                0.00    0.00      28/200000031     std::vector<int, std::allocator<int> >::push_back(int const&) [2]
                0.59    0.29 200000003/200000031     main [1]
[4]     16.9    0.59    0.29 200000031         std::vector<int, std::allocator<int> >::end() [4]
                0.29    0.00 200000031/400000062     __gnu_cxx::__normal_iterator<int*, std::vector<int, std::allocator<int> > >::__normal_iterator(int* const&) [7]
-----------------------------------------------
                0.45    0.29 200000000/200000000     main [1]
[5]     14.2    0.45    0.29 200000000         __gnu_cxx::__normal_iterator<int*, std::vector<int, std::allocator<int> > >::operator++(int) [5]
                0.29    0.00 200000000/400000062     __gnu_cxx::__normal_iterator<int*, std::vector<int, std::allocator<int> > >::__normal_iterator(int* const&) [7]
-----------------------------------------------
                0.00    0.00      28/100000000     void std::vector<int, std::allocator<int> >::_M_realloc_insert<int const&>(__gnu_cxx::__normal_iterator<int*, std::vector<int, std::allocator<int> > >, int const&) [9]
                0.09    0.56 99999972/100000000     std::vector<int, std::allocator<int> >::push_back(int const&) [2]
[6]     12.5    0.09    0.56 100000000         void std::allocator_traits<std::allocator<int> >::construct<int, int const&>(std::allocator<int>&, int*, int const&) [6]
                0.34    0.16 100000000/100000000     void __gnu_cxx::new_allocator<int>::construct<int, int const&>(int*, int const&) [8]
                0.06    0.00 100000000/200000028     int const& std::forward<int const&>(std::remove_reference<int const&>::type&) [13]
-----------------------------------------------
                0.00    0.00      31/400000062     std::vector<int, std::allocator<int> >::begin() [14]
                0.29    0.00 200000000/400000062     __gnu_cxx::__normal_iterator<int*, std::vector<int, std::allocator<int> > >::operator++(int) [5]
                0.29    0.00 200000031/400000062     std::vector<int, std::allocator<int> >::end() [4]
[7]     11.1    0.58    0.00 400000062         __gnu_cxx::__normal_iterator<int*, std::vector<int, std::allocator<int> > >::__normal_iterator(int* const&) [7]
-----------------------------------------------
                0.34    0.16 100000000/100000000     void std::allocator_traits<std::allocator<int> >::construct<int, int const&>(std::allocator<int>&, int*, int const&) [6]
[8]      9.6    0.34    0.16 100000000         void __gnu_cxx::new_allocator<int>::construct<int, int const&>(int*, int const&) [8]
                0.10    0.00 100000000/100000000     operator new(unsigned long, void*) [15]
                0.06    0.00 100000000/200000028     int const& std::forward<int const&>(std::remove_reference<int const&>::type&) [13]
-----------------------------------------------
                0.23    0.15      28/28          std::vector<int, std::allocator<int> >::push_back(int const&) [2]
[9]      7.3    0.23    0.15      28         void std::vector<int, std::allocator<int> >::_M_realloc_insert<int const&>(__gnu_cxx::__normal_iterator<int*, std::vector<int, std::allocator<int> > >, int const&) [9]
                0.09    0.00      28/31          std::vector<int, std::allocator<int> >::begin() [14]
                0.05    0.01      28/28          void std::_Destroy<int*, int>(int*, int*, std::allocator<int>&) [17]
                0.00    0.00      28/100000000     void std::allocator_traits<std::allocator<int> >::construct<int, int const&>(std::allocator<int>&, int*, int const&) [6]
                0.00    0.00      56/400000118     __gnu_cxx::__normal_iterator<int*, std::vector<int, std::allocator<int> > >::base() const [10]
                0.00    0.00      28/28          __gnu_cxx::__normal_iterator<int*, std::vector<int, std::allocator<int> > >::difference_type __gnu_cxx::operator-<int*, std::vector<int, std::allocator<int> > >(__gnu_cxx::__normal_iterator<int*, std::vector<int, std::allocator<int> > > const&, __gnu_cxx::__normal_iterator<int*, std::vector<int, std::allocator<int> > > const&) [22]
                0.00    0.00      28/200000028     int const& std::forward<int const&>(std::remove_reference<int const&>::type&) [13]
                0.00    0.00      84/84          std::_Vector_base<int, std::allocator<int> >::_M_get_Tp_allocator() [38]
                0.00    0.00      56/56          int* std::__uninitialized_move_if_noexcept_a<int*, int*, std::allocator<int> >(int*, int*, int*, std::allocator<int>&) [48]
                0.00    0.00      28/28          std::vector<int, std::allocator<int> >::_M_check_len(unsigned long, char const*) const [51]
                0.00    0.00      28/28          std::_Vector_base<int, std::allocator<int> >::_M_allocate(unsigned long) [53]
                0.00    0.00      28/28          std::_Vector_base<int, std::allocator<int> >::_M_deallocate(int*, unsigned long) [54]
-----------------------------------------------
                0.00    0.00       2/400000118     int* std::__niter_base<int*, std::vector<int, std::allocator<int> > >(__gnu_cxx::__normal_iterator<int*, std::vector<int, std::allocator<int> > >) [23]
                0.00    0.00      56/400000118     void std::vector<int, std::allocator<int> >::_M_realloc_insert<int const&>(__gnu_cxx::__normal_iterator<int*, std::vector<int, std::allocator<int> > >, int const&) [9]
                0.00    0.00      56/400000118     __gnu_cxx::__normal_iterator<int*, std::vector<int, std::allocator<int> > >::difference_type __gnu_cxx::operator-<int*, std::vector<int, std::allocator<int> > >(__gnu_cxx::__normal_iterator<int*, std::vector<int, std::allocator<int> > > const&, __gnu_cxx::__normal_iterator<int*, std::vector<int, std::allocator<int> > > const&) [22]
                0.35    0.00 400000004/400000118     bool __gnu_cxx::operator!=<int*, std::vector<int, std::allocator<int> > >(__gnu_cxx::__normal_iterator<int*, std::vector<int, std::allocator<int> > > const&, __gnu_cxx::__normal_iterator<int*, std::vector<int, std::allocator<int> > > const&) [3]
[10]     6.7    0.35    0.00 400000118         __gnu_cxx::__normal_iterator<int*, std::vector<int, std::allocator<int> > >::base() const [10]
-----------------------------------------------
                0.03    0.26       1/1           main [1]
[11]     5.6    0.03    0.26       1         void std::fill<__gnu_cxx::__normal_iterator<int*, std::vector<int, std::allocator<int> > >, int>(__gnu_cxx::__normal_iterator<int*, std::vector<int, std::allocator<int> > >, __gnu_cxx::__normal_iterator<int*, std::vector<int, std::allocator<int> > >, int const&) [11]
                0.26    0.00       1/1           __gnu_cxx::__enable_if<std::__is_scalar<int>::__value, void>::__type std::__fill_a<int*, int>(int*, int*, int const&) [12]
                0.00    0.00       2/2           int* std::__niter_base<int*, std::vector<int, std::allocator<int> > >(__gnu_cxx::__normal_iterator<int*, std::vector<int, std::allocator<int> > >) [23]
-----------------------------------------------
                0.26    0.00       1/1           void std::fill<__gnu_cxx::__normal_iterator<int*, std::vector<int, std::allocator<int> > >, int>(__gnu_cxx::__normal_iterator<int*, std::vector<int, std::allocator<int> > >, __gnu_cxx::__normal_iterator<int*, std::vector<int, std::allocator<int> > >, int const&) [11]
[12]     5.0    0.26    0.00       1         __gnu_cxx::__enable_if<std::__is_scalar<int>::__value, void>::__type std::__fill_a<int*, int>(int*, int*, int const&) [12]
-----------------------------------------------
                0.00    0.00      28/200000028     void std::vector<int, std::allocator<int> >::_M_realloc_insert<int const&>(__gnu_cxx::__normal_iterator<int*, std::vector<int, std::allocator<int> > >, int const&) [9]
                0.06    0.00 100000000/200000028     void std::allocator_traits<std::allocator<int> >::construct<int, int const&>(std::allocator<int>&, int*, int const&) [6]
                0.06    0.00 100000000/200000028     void __gnu_cxx::new_allocator<int>::construct<int, int const&>(int*, int const&) [8]
[13]     2.3    0.12    0.00 200000028         int const& std::forward<int const&>(std::remove_reference<int const&>::type&) [13]
-----------------------------------------------
                0.01    0.00       3/31          main [1]
                0.09    0.00      28/31          void std::vector<int, std::allocator<int> >::_M_realloc_insert<int const&>(__gnu_cxx::__normal_iterator<int*, std::vector<int, std::allocator<int> > >, int const&) [9]
[14]     1.9    0.10    0.00      31         std::vector<int, std::allocator<int> >::begin() [14]
                0.00    0.00      31/400000062     __gnu_cxx::__normal_iterator<int*, std::vector<int, std::allocator<int> > >::__normal_iterator(int* const&) [7]
-----------------------------------------------
                0.10    0.00 100000000/100000000     void __gnu_cxx::new_allocator<int>::construct<int, int const&>(int*, int const&) [8]
[15]     1.9    0.10    0.00 100000000         operator new(unsigned long, void*) [15]
-----------------------------------------------
                0.07    0.00 200000000/200000000     main [1]
[16]     1.3    0.07    0.00 200000000         __gnu_cxx::__normal_iterator<int*, std::vector<int, std::allocator<int> > >::operator*() const [16]
-----------------------------------------------
                0.05    0.01      28/28          void std::vector<int, std::allocator<int> >::_M_realloc_insert<int const&>(__gnu_cxx::__normal_iterator<int*, std::vector<int, std::allocator<int> > >, int const&) [9]
[17]     1.1    0.05    0.01      28         void std::_Destroy<int*, int>(int*, int*, std::allocator<int>&) [17]
                0.01    0.00      28/28          void std::_Destroy<int*>(int*, int*) [20]
-----------------------------------------------
                0.02    0.00       1/1           __libc_csu_init [19]
[18]     0.4    0.02    0.00       1         _GLOBAL__sub_I_main [18]
                0.00    0.00       1/1           __static_initialization_and_destruction_0(int, int) [59]
-----------------------------------------------
                                                 <spontaneous>
[19]     0.4    0.00    0.02                 __libc_csu_init [19]
                0.02    0.00       1/1           _GLOBAL__sub_I_main [18]
-----------------------------------------------
                0.01    0.00      28/28          void std::_Destroy<int*, int>(int*, int*, std::allocator<int>&) [17]
[20]     0.2    0.01    0.00      28         void std::_Destroy<int*>(int*, int*) [20]
                0.00    0.00      28/28          void std::_Destroy_aux<true>::__destroy<int*>(int*, int*) [52]
-----------------------------------------------
                                                 <spontaneous>
[21]     0.2    0.01    0.00                 std::vector<int, std::allocator<int> >::~vector() [21]
-----------------------------------------------
                0.00    0.00      28/28          void std::vector<int, std::allocator<int> >::_M_realloc_insert<int const&>(__gnu_cxx::__normal_iterator<int*, std::vector<int, std::allocator<int> > >, int const&) [9]
[22]     0.0    0.00    0.00      28         __gnu_cxx::__normal_iterator<int*, std::vector<int, std::allocator<int> > >::difference_type __gnu_cxx::operator-<int*, std::vector<int, std::allocator<int> > >(__gnu_cxx::__normal_iterator<int*, std::vector<int, std::allocator<int> > > const&, __gnu_cxx::__normal_iterator<int*, std::vector<int, std::allocator<int> > > const&) [22]
                0.00    0.00      56/400000118     __gnu_cxx::__normal_iterator<int*, std::vector<int, std::allocator<int> > >::base() const [10]
-----------------------------------------------
                0.00    0.00       2/2           void std::fill<__gnu_cxx::__normal_iterator<int*, std::vector<int, std::allocator<int> > >, int>(__gnu_cxx::__normal_iterator<int*, std::vector<int, std::allocator<int> > >, __gnu_cxx::__normal_iterator<int*, std::vector<int, std::allocator<int> > >, int const&) [11]
[23]     0.0    0.00    0.00       2         int* std::__niter_base<int*, std::vector<int, std::allocator<int> > >(__gnu_cxx::__normal_iterator<int*, std::vector<int, std::allocator<int> > >) [23]
                0.00    0.00       2/400000118     __gnu_cxx::__normal_iterator<int*, std::vector<int, std::allocator<int> > >::base() const [10]
-----------------------------------------------
                0.00    0.00     168/168         int* std::__copy_move_a2<true, int*, int*>(int*, int*, int*) [45]
[30]     0.0    0.00    0.00     168         int* std::__niter_base<int*>(int*) [30]
-----------------------------------------------
                0.00    0.00     112/112         decltype (__miter_base(({parm#1}.base)())) std::__miter_base<int*>(std::move_iterator<int*>) [34]
[31]     0.0    0.00    0.00     112         std::move_iterator<int*>::base() const [31]
-----------------------------------------------
                0.00    0.00     112/112         std::vector<int, std::allocator<int> >::_M_check_len(unsigned long, char const*) const [51]
[32]     0.0    0.00    0.00     112         std::vector<int, std::allocator<int> >::size() const [32]
-----------------------------------------------
                0.00    0.00     112/112         std::move_iterator<int*> std::__make_move_if_noexcept_iterator<int, std::move_iterator<int*> >(int*) [36]
[33]     0.0    0.00    0.00     112         std::move_iterator<int*>::move_iterator(int*) [33]
-----------------------------------------------
                0.00    0.00     112/112         int* std::copy<std::move_iterator<int*>, int*>(std::move_iterator<int*>, std::move_iterator<int*>, int*) [49]
[34]     0.0    0.00    0.00     112         decltype (__miter_base(({parm#1}.base)())) std::__miter_base<int*>(std::move_iterator<int*>) [34]
                0.00    0.00     112/112         int* std::__miter_base<int*>(int*) [35]
                0.00    0.00     112/112         std::move_iterator<int*>::base() const [31]
-----------------------------------------------
                0.00    0.00     112/112         decltype (__miter_base(({parm#1}.base)())) std::__miter_base<int*>(std::move_iterator<int*>) [34]
[35]     0.0    0.00    0.00     112         int* std::__miter_base<int*>(int*) [35]
-----------------------------------------------
                0.00    0.00     112/112         int* std::__uninitialized_move_if_noexcept_a<int*, int*, std::allocator<int> >(int*, int*, int*, std::allocator<int>&) [48]
[36]     0.0    0.00    0.00     112         std::move_iterator<int*> std::__make_move_if_noexcept_iterator<int, std::move_iterator<int*> >(int*) [36]
                0.00    0.00     112/112         std::move_iterator<int*>::move_iterator(int*) [33]
-----------------------------------------------
                0.00    0.00      28/84          __gnu_cxx::new_allocator<int>::allocate(unsigned long, void const*) [50]
                0.00    0.00      56/84          std::allocator_traits<std::allocator<int> >::max_size(std::allocator<int> const&) [42]
[37]     0.0    0.00    0.00      84         __gnu_cxx::new_allocator<int>::max_size() const [37]
-----------------------------------------------
                0.00    0.00      84/84          void std::vector<int, std::allocator<int> >::_M_realloc_insert<int const&>(__gnu_cxx::__normal_iterator<int*, std::vector<int, std::allocator<int> > >, int const&) [9]
[38]     0.0    0.00    0.00      84         std::_Vector_base<int, std::allocator<int> >::_M_get_Tp_allocator() [38]
-----------------------------------------------
                0.00    0.00      56/56          std::vector<int, std::allocator<int> >::max_size() const [40]
[39]     0.0    0.00    0.00      56         std::_Vector_base<int, std::allocator<int> >::_M_get_Tp_allocator() const [39]
-----------------------------------------------
                0.00    0.00      56/56          std::vector<int, std::allocator<int> >::_M_check_len(unsigned long, char const*) const [51]
[40]     0.0    0.00    0.00      56         std::vector<int, std::allocator<int> >::max_size() const [40]
                0.00    0.00      56/56          std::allocator_traits<std::allocator<int> >::max_size(std::allocator<int> const&) [42]
                0.00    0.00      56/56          std::_Vector_base<int, std::allocator<int> >::_M_get_Tp_allocator() const [39]
-----------------------------------------------
                0.00    0.00      56/56          int* std::__copy_move_a<true, int*, int*>(int*, int*, int*) [44]
[41]     0.0    0.00    0.00      56         int* std::__copy_move<true, true, std::random_access_iterator_tag>::__copy_m<int>(int const*, int const*, int*) [41]
-----------------------------------------------
                0.00    0.00      56/56          std::vector<int, std::allocator<int> >::max_size() const [40]
[42]     0.0    0.00    0.00      56         std::allocator_traits<std::allocator<int> >::max_size(std::allocator<int> const&) [42]
                0.00    0.00      56/84          __gnu_cxx::new_allocator<int>::max_size() const [37]
-----------------------------------------------
                0.00    0.00      56/56          int* std::uninitialized_copy<std::move_iterator<int*>, int*>(std::move_iterator<int*>, std::move_iterator<int*>, int*) [46]
[43]     0.0    0.00    0.00      56         int* std::__uninitialized_copy<true>::__uninit_copy<std::move_iterator<int*>, int*>(std::move_iterator<int*>, std::move_iterator<int*>, int*) [43]
                0.00    0.00      56/56          int* std::copy<std::move_iterator<int*>, int*>(std::move_iterator<int*>, std::move_iterator<int*>, int*) [49]
-----------------------------------------------
                0.00    0.00      56/56          int* std::__copy_move_a2<true, int*, int*>(int*, int*, int*) [45]
[44]     0.0    0.00    0.00      56         int* std::__copy_move_a<true, int*, int*>(int*, int*, int*) [44]
                0.00    0.00      56/56          int* std::__copy_move<true, true, std::random_access_iterator_tag>::__copy_m<int>(int const*, int const*, int*) [41]
-----------------------------------------------
                0.00    0.00      56/56          int* std::copy<std::move_iterator<int*>, int*>(std::move_iterator<int*>, std::move_iterator<int*>, int*) [49]
[45]     0.0    0.00    0.00      56         int* std::__copy_move_a2<true, int*, int*>(int*, int*, int*) [45]
                0.00    0.00     168/168         int* std::__niter_base<int*>(int*) [30]
                0.00    0.00      56/56          int* std::__copy_move_a<true, int*, int*>(int*, int*, int*) [44]
-----------------------------------------------
                0.00    0.00      56/56          int* std::__uninitialized_copy_a<std::move_iterator<int*>, int*, int>(std::move_iterator<int*>, std::move_iterator<int*>, int*, std::allocator<int>&) [47]
[46]     0.0    0.00    0.00      56         int* std::uninitialized_copy<std::move_iterator<int*>, int*>(std::move_iterator<int*>, std::move_iterator<int*>, int*) [46]
                0.00    0.00      56/56          int* std::__uninitialized_copy<true>::__uninit_copy<std::move_iterator<int*>, int*>(std::move_iterator<int*>, std::move_iterator<int*>, int*) [43]
-----------------------------------------------
                0.00    0.00      56/56          int* std::__uninitialized_move_if_noexcept_a<int*, int*, std::allocator<int> >(int*, int*, int*, std::allocator<int>&) [48]
[47]     0.0    0.00    0.00      56         int* std::__uninitialized_copy_a<std::move_iterator<int*>, int*, int>(std::move_iterator<int*>, std::move_iterator<int*>, int*, std::allocator<int>&) [47]
                0.00    0.00      56/56          int* std::uninitialized_copy<std::move_iterator<int*>, int*>(std::move_iterator<int*>, std::move_iterator<int*>, int*) [46]
-----------------------------------------------
                0.00    0.00      56/56          void std::vector<int, std::allocator<int> >::_M_realloc_insert<int const&>(__gnu_cxx::__normal_iterator<int*, std::vector<int, std::allocator<int> > >, int const&) [9]
[48]     0.0    0.00    0.00      56         int* std::__uninitialized_move_if_noexcept_a<int*, int*, std::allocator<int> >(int*, int*, int*, std::allocator<int>&) [48]
                0.00    0.00     112/112         std::move_iterator<int*> std::__make_move_if_noexcept_iterator<int, std::move_iterator<int*> >(int*) [36]
                0.00    0.00      56/56          int* std::__uninitialized_copy_a<std::move_iterator<int*>, int*, int>(std::move_iterator<int*>, std::move_iterator<int*>, int*, std::allocator<int>&) [47]
-----------------------------------------------
                0.00    0.00      56/56          int* std::__uninitialized_copy<true>::__uninit_copy<std::move_iterator<int*>, int*>(std::move_iterator<int*>, std::move_iterator<int*>, int*) [43]
[49]     0.0    0.00    0.00      56         int* std::copy<std::move_iterator<int*>, int*>(std::move_iterator<int*>, std::move_iterator<int*>, int*) [49]
                0.00    0.00     112/112         decltype (__miter_base(({parm#1}.base)())) std::__miter_base<int*>(std::move_iterator<int*>) [34]
                0.00    0.00      56/56          int* std::__copy_move_a2<true, int*, int*>(int*, int*, int*) [45]
-----------------------------------------------
                0.00    0.00      28/28          std::allocator_traits<std::allocator<int> >::allocate(std::allocator<int>&, unsigned long) [55]
[50]     0.0    0.00    0.00      28         __gnu_cxx::new_allocator<int>::allocate(unsigned long, void const*) [50]
                0.00    0.00      28/84          __gnu_cxx::new_allocator<int>::max_size() const [37]
-----------------------------------------------
                0.00    0.00      28/28          void std::vector<int, std::allocator<int> >::_M_realloc_insert<int const&>(__gnu_cxx::__normal_iterator<int*, std::vector<int, std::allocator<int> > >, int const&) [9]
[51]     0.0    0.00    0.00      28         std::vector<int, std::allocator<int> >::_M_check_len(unsigned long, char const*) const [51]
                0.00    0.00     112/112         std::vector<int, std::allocator<int> >::size() const [32]
                0.00    0.00      56/56          std::vector<int, std::allocator<int> >::max_size() const [40]
                0.00    0.00      28/28          unsigned long const& std::max<unsigned long>(unsigned long const&, unsigned long const&) [56]
-----------------------------------------------
                0.00    0.00      28/28          void std::_Destroy<int*>(int*, int*) [20]
[52]     0.0    0.00    0.00      28         void std::_Destroy_aux<true>::__destroy<int*>(int*, int*) [52]
-----------------------------------------------
                0.00    0.00      28/28          void std::vector<int, std::allocator<int> >::_M_realloc_insert<int const&>(__gnu_cxx::__normal_iterator<int*, std::vector<int, std::allocator<int> > >, int const&) [9]
[53]     0.0    0.00    0.00      28         std::_Vector_base<int, std::allocator<int> >::_M_allocate(unsigned long) [53]
                0.00    0.00      28/28          std::allocator_traits<std::allocator<int> >::allocate(std::allocator<int>&, unsigned long) [55]
-----------------------------------------------
                0.00    0.00      28/28          void std::vector<int, std::allocator<int> >::_M_realloc_insert<int const&>(__gnu_cxx::__normal_iterator<int*, std::vector<int, std::allocator<int> > >, int const&) [9]
[54]     0.0    0.00    0.00      28         std::_Vector_base<int, std::allocator<int> >::_M_deallocate(int*, unsigned long) [54]
                0.00    0.00      27/27          std::allocator_traits<std::allocator<int> >::deallocate(std::allocator<int>&, int*, unsigned long) [58]
-----------------------------------------------
                0.00    0.00      28/28          std::_Vector_base<int, std::allocator<int> >::_M_allocate(unsigned long) [53]
[55]     0.0    0.00    0.00      28         std::allocator_traits<std::allocator<int> >::allocate(std::allocator<int>&, unsigned long) [55]
                0.00    0.00      28/28          __gnu_cxx::new_allocator<int>::allocate(unsigned long, void const*) [50]
-----------------------------------------------
                0.00    0.00      28/28          std::vector<int, std::allocator<int> >::_M_check_len(unsigned long, char const*) const [51]
[56]     0.0    0.00    0.00      28         unsigned long const& std::max<unsigned long>(unsigned long const&, unsigned long const&) [56]
-----------------------------------------------
                0.00    0.00      27/27          std::allocator_traits<std::allocator<int> >::deallocate(std::allocator<int>&, int*, unsigned long) [58]
[57]     0.0    0.00    0.00      27         __gnu_cxx::new_allocator<int>::deallocate(int*, unsigned long) [57]
-----------------------------------------------
                0.00    0.00      27/27          std::_Vector_base<int, std::allocator<int> >::_M_deallocate(int*, unsigned long) [54]
[58]     0.0    0.00    0.00      27         std::allocator_traits<std::allocator<int> >::deallocate(std::allocator<int>&, int*, unsigned long) [58]
                0.00    0.00      27/27          __gnu_cxx::new_allocator<int>::deallocate(int*, unsigned long) [57]
-----------------------------------------------
                0.00    0.00       1/1           _GLOBAL__sub_I_main [18]
[59]     0.0    0.00    0.00       1         __static_initialization_and_destruction_0(int, int) [59]
-----------------------------------------------
                0.00    0.00       1/1           std::allocator<int>::allocator() [61]
[60]     0.0    0.00    0.00       1         __gnu_cxx::new_allocator<int>::new_allocator() [60]
-----------------------------------------------
                0.00    0.00       1/1           std::_Vector_base<int, std::allocator<int> >::_Vector_impl::_Vector_impl() [62]
[61]     0.0    0.00    0.00       1         std::allocator<int>::allocator() [61]
                0.00    0.00       1/1           __gnu_cxx::new_allocator<int>::new_allocator() [60]
-----------------------------------------------
                0.00    0.00       1/1           std::_Vector_base<int, std::allocator<int> >::_Vector_base() [63]
[62]     0.0    0.00    0.00       1         std::_Vector_base<int, std::allocator<int> >::_Vector_impl::_Vector_impl() [62]
                0.00    0.00       1/1           std::allocator<int>::allocator() [61]
-----------------------------------------------
                0.00    0.00       1/1           std::vector<int, std::allocator<int> >::vector() [64]
[63]     0.0    0.00    0.00       1         std::_Vector_base<int, std::allocator<int> >::_Vector_base() [63]
                0.00    0.00       1/1           std::_Vector_base<int, std::allocator<int> >::_Vector_impl::_Vector_impl() [62]
-----------------------------------------------
                0.00    0.00       1/1           main [1]
[64]     0.0    0.00    0.00       1         std::vector<int, std::allocator<int> >::vector() [64]
                0.00    0.00       1/1           std::_Vector_base<int, std::allocator<int> >::_Vector_base() [63]
-----------------------------------------------

 This table describes the call tree of the program, and was sorted by
 the total amount of time spent in each function and its children.

 Each entry in this table consists of several lines.  The line with the
 index number at the left hand margin lists the current function.
 The lines above it list the functions that called this function,
 and the lines below it list the functions this one called.
 This line lists:
     index	A unique number given to each element of the table.
		Index numbers are sorted numerically.
		The index number is printed next to every function name so
		it is easier to look up where the function is in the table.

     % time	This is the percentage of the `total' time that was spent
		in this function and its children.  Note that due to
		different viewpoints, functions excluded by options, etc,
		these numbers will NOT add up to 100%.

     self	This is the total amount of time spent in this function.

     children	This is the total amount of time propagated into this
		function by its children.

     called	This is the number of times the function was called.
		If the function called itself recursively, the number
		only includes non-recursive calls, and is followed by
		a `+' and the number of recursive calls.

     name	The name of the current function.  The index number is
		printed after it.  If the function is a member of a
		cycle, the cycle number is printed between the
		function's name and the index number.


 For the function's parents, the fields have the following meanings:

     self	This is the amount of time that was propagated directly
		from the function into this parent.

     children	This is the amount of time that was propagated from
		the function's children into this parent.

     called	This is the number of times this parent called the
		function `/' the total number of times the function
		was called.  Recursive calls to the function are not
		included in the number after the `/'.

     name	This is the name of the parent.  The parent's index
		number is printed after it.  If the parent is a
		member of a cycle, the cycle number is printed between
		the name and the index number.

 If the parents of the function cannot be determined, the word
 `<spontaneous>' is printed in the `name' field, and all the other
 fields are blank.

 For the function's children, the fields have the following meanings:

     self	This is the amount of time that was propagated directly
		from the child into the function.

     children	This is the amount of time that was propagated from the
		child's children to the function.

     called	This is the number of times the function called
		this child `/' the total number of times the child
		was called.  Recursive calls by the child are not
		listed in the number after the `/'.

     name	This is the name of the child.  The child's index
		number is printed after it.  If the child is a
		member of a cycle, the cycle number is printed
		between the name and the index number.

 If there are any cycles (circles) in the call graph, there is an
 entry for the cycle-as-a-whole.  This entry shows who called the
 cycle (as parents) and the members of the cycle (as children.)
 The `+' recursive calls entry shows the number of function calls that
 were internal to the cycle, and the calls entry for each member shows,
 for that member, how many times it was called from other members of
 the cycle.

Copyright (C) 2012-2018 Free Software Foundation, Inc.

Copying and distribution of this file, with or without modification,
are permitted in any medium without royalty provided the copyright
notice and this notice are preserved.

Index by function name

  [18] _GLOBAL__sub_I_main    [41] int* std::__copy_move<true, true, std::random_access_iterator_tag>::__copy_m<int>(int const*, int const*, int*) [34] decltype (__miter_base(({parm#1}.base)())) std::__miter_base<int*>(std::move_iterator<int*>)
  [59] __static_initialization_and_destruction_0(int, int) [52] void std::_Destroy_aux<true>::__destroy<int*>(int*, int*) [35] int* std::__miter_base<int*>(int*)
  [57] __gnu_cxx::new_allocator<int>::deallocate(int*, unsigned long) [53] std::_Vector_base<int, std::allocator<int> >::_M_allocate(unsigned long) [30] int* std::__niter_base<int*>(int*)
  [50] __gnu_cxx::new_allocator<int>::allocate(unsigned long, void const*) [62] std::_Vector_base<int, std::allocator<int> >::_Vector_impl::_Vector_impl() [23] int* std::__niter_base<int*, std::vector<int, std::allocator<int> > >(__gnu_cxx::__normal_iterator<int*, std::vector<int, std::allocator<int> > >)
   [8] void __gnu_cxx::new_allocator<int>::construct<int, int const&>(int*, int const&) [54] std::_Vector_base<int, std::allocator<int> >::_M_deallocate(int*, unsigned long) [44] int* std::__copy_move_a<true, int*, int*>(int*, int*, int*)
  [60] __gnu_cxx::new_allocator<int>::new_allocator() [38] std::_Vector_base<int, std::allocator<int> >::_M_get_Tp_allocator() [45] int* std::__copy_move_a2<true, int*, int*>(int*, int*, int*)
   [7] __gnu_cxx::__normal_iterator<int*, std::vector<int, std::allocator<int> > >::__normal_iterator(int* const&) [63] std::_Vector_base<int, std::allocator<int> >::_Vector_base() [46] int* std::uninitialized_copy<std::move_iterator<int*>, int*>(std::move_iterator<int*>, std::move_iterator<int*>, int*)
   [5] __gnu_cxx::__normal_iterator<int*, std::vector<int, std::allocator<int> > >::operator++(int) [33] std::move_iterator<int*>::move_iterator(int*) [47] int* std::__uninitialized_copy_a<std::move_iterator<int*>, int*, int>(std::move_iterator<int*>, std::move_iterator<int*>, int*, std::allocator<int>&)
  [22] __gnu_cxx::__normal_iterator<int*, std::vector<int, std::allocator<int> > >::difference_type __gnu_cxx::operator-<int*, std::vector<int, std::allocator<int> > >(__gnu_cxx::__normal_iterator<int*, std::vector<int, std::allocator<int> > > const&, __gnu_cxx::__normal_iterator<int*, std::vector<int, std::allocator<int> > > const&) [58] std::allocator_traits<std::allocator<int> >::deallocate(std::allocator<int>&, int*, unsigned long) [36] std::move_iterator<int*> std::__make_move_if_noexcept_iterator<int, std::move_iterator<int*> >(int*)
   [3] bool __gnu_cxx::operator!=<int*, std::vector<int, std::allocator<int> > >(__gnu_cxx::__normal_iterator<int*, std::vector<int, std::allocator<int> > > const&, __gnu_cxx::__normal_iterator<int*, std::vector<int, std::allocator<int> > > const&) [55] std::allocator_traits<std::allocator<int> >::allocate(std::allocator<int>&, unsigned long) [48] int* std::__uninitialized_move_if_noexcept_a<int*, int*, std::allocator<int> >(int*, int*, int*, std::allocator<int>&)
  [37] __gnu_cxx::new_allocator<int>::max_size() const [42] std::allocator_traits<std::allocator<int> >::max_size(std::allocator<int> const&) [56] unsigned long const& std::max<unsigned long>(unsigned long const&, unsigned long const&)
  [10] __gnu_cxx::__normal_iterator<int*, std::vector<int, std::allocator<int> > >::base() const [6] void std::allocator_traits<std::allocator<int> >::construct<int, int const&>(std::allocator<int>&, int*, int const&) [49] int* std::copy<std::move_iterator<int*>, int*>(std::move_iterator<int*>, std::move_iterator<int*>, int*)
  [16] __gnu_cxx::__normal_iterator<int*, std::vector<int, std::allocator<int> > >::operator*() const [43] int* std::__uninitialized_copy<true>::__uninit_copy<std::move_iterator<int*>, int*>(std::move_iterator<int*>, std::move_iterator<int*>, int*) [11] void std::fill<__gnu_cxx::__normal_iterator<int*, std::vector<int, std::allocator<int> > >, int>(__gnu_cxx::__normal_iterator<int*, std::vector<int, std::allocator<int> > >, __gnu_cxx::__normal_iterator<int*, std::vector<int, std::allocator<int> > >, int const&)
  [39] std::_Vector_base<int, std::allocator<int> >::_M_get_Tp_allocator() const [9] void std::vector<int, std::allocator<int> >::_M_realloc_insert<int const&>(__gnu_cxx::__normal_iterator<int*, std::vector<int, std::allocator<int> > >, int const&) [13] int const& std::forward<int const&>(std::remove_reference<int const&>::type&)
  [31] std::move_iterator<int*>::base() const [4] std::vector<int, std::allocator<int> >::end() [20] void std::_Destroy<int*>(int*, int*)
  [51] std::vector<int, std::allocator<int> >::_M_check_len(unsigned long, char const*) const [14] std::vector<int, std::allocator<int> >::begin() [17] void std::_Destroy<int*, int>(int*, int*, std::allocator<int>&)
  [32] std::vector<int, std::allocator<int> >::size() const [2] std::vector<int, std::allocator<int> >::push_back(int const&) [12] __gnu_cxx::__enable_if<std::__is_scalar<int>::__value, void>::__type std::__fill_a<int*, int>(int*, int*, int const&)
  [40] std::vector<int, std::allocator<int> >::max_size() const [64] std::vector<int, std::allocator<int> >::vector() [15] operator new(unsigned long, void*)
  [61] std::allocator<int>::allocator() [21] std::vector<int, std::allocator<int> >::~vector() [1] main
